{
  "RSpec": {
    "coverage": {
      "/Users/rebekahgalliano/Projects/Makers/WK4/bookmark_manager/spec/bookmarks_spec.rb": {
        "lines": [
          1,
          null,
          1,
          1,
          1,
          1,
          null,
          1,
          0,
          0,
          null,
          null,
          null,
          1,
          1,
          2,
          null,
          null,
          null
        ]
      },
      "/Users/rebekahgalliano/Projects/Makers/WK4/bookmark_manager/spec/features/view_bookmarks_spec.rb": {
        "lines": [
          1,
          1,
          1,
          null,
          1,
          0,
          0,
          null,
          null
        ]
      }
    },
    "timestamp": 1603210283
  }
}
